<?xml version="1.0" encoding="UTF-8"?>
<coverage generated="1629908516887" clover="3.2.0">
  <project timestamp="1629908516887" name="All files">
    <metrics statements="54" coveredstatements="50" conditionals="16" coveredconditionals="12" methods="10" coveredmethods="9" elements="80" coveredelements="71" complexity="0" loc="54" ncloc="54" packages="1" files="1" classes="1"/>
    <file name="test-sshd.js" path="/home/scottj/Source/test-sshdng/src/test-sshd.js">
      <metrics statements="54" coveredstatements="50" conditionals="16" coveredconditionals="12" methods="10" coveredmethods="9"/>
      <line num="11" count="7" type="stmt"/>
      <line num="13" count="7" type="stmt"/>
      <line num="15" count="7" type="stmt"/>
      <line num="24" count="7" type="stmt"/>
      <line num="29" count="7" type="stmt"/>
      <line num="30" count="7" type="cond" truecount="2" falsecount="0"/>
      <line num="31" count="1" type="stmt"/>
      <line num="34" count="6" type="stmt"/>
      <line num="35" count="6" type="stmt"/>
      <line num="39" count="5" type="stmt"/>
      <line num="40" count="5" type="stmt"/>
      <line num="43" count="5" type="stmt"/>
      <line num="44" count="20" type="stmt"/>
      <line num="47" count="5" type="stmt"/>
      <line num="48" count="5" type="stmt"/>
      <line num="49" count="5" type="stmt"/>
      <line num="51" count="5" type="stmt"/>
      <line num="72" count="5" type="cond" truecount="2" falsecount="0"/>
      <line num="73" count="3" type="stmt"/>
      <line num="74" count="3" type="stmt"/>
      <line num="78" count="5" type="cond" truecount="2" falsecount="0"/>
      <line num="79" count="1" type="stmt"/>
      <line num="80" count="1" type="stmt"/>
      <line num="81" count="1" type="stmt"/>
      <line num="82" count="1" type="stmt"/>
      <line num="85" count="5" type="cond" truecount="1" falsecount="1"/>
      <line num="86" count="0" type="stmt"/>
      <line num="89" count="5" type="stmt"/>
      <line num="91" count="5" type="stmt"/>
      <line num="92" count="0" type="stmt"/>
      <line num="95" count="5" type="stmt"/>
      <line num="96" count="5" type="stmt"/>
      <line num="97" count="13" type="stmt"/>
      <line num="98" count="13" type="stmt"/>
      <line num="99" count="13" type="stmt"/>
      <line num="100" count="13" type="cond" truecount="2" falsecount="0"/>
      <line num="101" count="5" type="stmt"/>
      <line num="102" count="5" type="stmt"/>
      <line num="107" count="5" type="stmt"/>
      <line num="109" count="4" type="cond" truecount="1" falsecount="1"/>
      <line num="110" count="4" type="cond" truecount="1" falsecount="1"/>
      <line num="111" count="0" type="stmt"/>
      <line num="115" count="4" type="stmt"/>
      <line num="116" count="4" type="stmt"/>
      <line num="121" count="5" type="stmt"/>
      <line num="122" count="5" type="stmt"/>
      <line num="123" count="5" type="stmt"/>
      <line num="124" count="5" type="stmt"/>
      <line num="125" count="5" type="cond" truecount="1" falsecount="1"/>
      <line num="126" count="0" type="stmt"/>
      <line num="128" count="5" type="stmt"/>
      <line num="136" count="5" type="stmt"/>
      <line num="143" count="5" type="stmt"/>
      <line num="147" count="1" type="stmt"/>
    </file>
  </project>
</coverage>
