{"/home/scottj/Source/test-sshdng/src/test-sshd.js": {"path":"/home/scottj/Source/test-sshdng/src/test-sshd.js","statementMap":{"0":{"start":{"line":11,"column":4},"end":{"line":11,"column":35}},"1":{"start":{"line":13,"column":21},"end":{"line":13,"column":91}},"2":{"start":{"line":15,"column":19},"end":{"line":22,"column":5}},"3":{"start":{"line":24,"column":4},"end":{"line":27,"column":6}},"4":{"start":{"line":29,"column":16},"end":{"line":29,"column":56}},"5":{"start":{"line":30,"column":4},"end":{"line":32,"column":5}},"6":{"start":{"line":31,"column":6},"end":{"line":31,"column":110}},"7":{"start":{"line":34,"column":4},"end":{"line":34,"column":25}},"8":{"start":{"line":35,"column":4},"end":{"line":35,"column":28}},"9":{"start":{"line":39,"column":20},"end":{"line":39,"column":64}},"10":{"start":{"line":40,"column":17},"end":{"line":40,"column":88}},"11":{"start":{"line":43,"column":4},"end":{"line":45,"column":7}},"12":{"start":{"line":44,"column":6},"end":{"line":44,"column":52}},"13":{"start":{"line":47,"column":24},"end":{"line":47,"column":61}},"14":{"start":{"line":48,"column":31},"end":{"line":48,"column":87}},"15":{"start":{"line":49,"column":23},"end":{"line":49,"column":74}},"16":{"start":{"line":51,"column":21},"end":{"line":69,"column":5}},"17":{"start":{"line":72,"column":4},"end":{"line":75,"column":5}},"18":{"start":{"line":73,"column":6},"end":{"line":73,"column":26}},"19":{"start":{"line":74,"column":6},"end":{"line":74,"column":63}},"20":{"start":{"line":78,"column":4},"end":{"line":83,"column":5}},"21":{"start":{"line":79,"column":6},"end":{"line":79,"column":26}},"22":{"start":{"line":80,"column":6},"end":{"line":80,"column":52}},"23":{"start":{"line":81,"column":6},"end":{"line":81,"column":26}},"24":{"start":{"line":82,"column":6},"end":{"line":82,"column":50}},"25":{"start":{"line":85,"column":4},"end":{"line":87,"column":5}},"26":{"start":{"line":86,"column":6},"end":{"line":86,"column":38}},"27":{"start":{"line":89,"column":4},"end":{"line":89,"column":54}},"28":{"start":{"line":91,"column":4},"end":{"line":93,"column":7}},"29":{"start":{"line":92,"column":6},"end":{"line":92,"column":32}},"30":{"start":{"line":95,"column":17},"end":{"line":95,"column":19}},"31":{"start":{"line":96,"column":4},"end":{"line":104,"column":7}},"32":{"start":{"line":97,"column":19},"end":{"line":97,"column":28}},"33":{"start":{"line":98,"column":6},"end":{"line":98,"column":32}},"34":{"start":{"line":99,"column":6},"end":{"line":99,"column":32}},"35":{"start":{"line":100,"column":6},"end":{"line":103,"column":7}},"36":{"start":{"line":101,"column":8},"end":{"line":101,"column":32}},"37":{"start":{"line":102,"column":8},"end":{"line":102,"column":27}},"38":{"start":{"line":107,"column":4},"end":{"line":117,"column":7}},"39":{"start":{"line":109,"column":6},"end":{"line":113,"column":7}},"40":{"start":{"line":110,"column":8},"end":{"line":112,"column":9}},"41":{"start":{"line":111,"column":10},"end":{"line":111,"column":78}},"42":{"start":{"line":115,"column":6},"end":{"line":115,"column":30}},"43":{"start":{"line":116,"column":6},"end":{"line":116,"column":30}},"44":{"start":{"line":121,"column":4},"end":{"line":131,"column":7}},"45":{"start":{"line":122,"column":6},"end":{"line":130,"column":9}},"46":{"start":{"line":123,"column":8},"end":{"line":123,"column":32}},"47":{"start":{"line":124,"column":8},"end":{"line":124,"column":29}},"48":{"start":{"line":125,"column":8},"end":{"line":129,"column":9}},"49":{"start":{"line":126,"column":10},"end":{"line":126,"column":22}},"50":{"start":{"line":128,"column":10},"end":{"line":128,"column":20}},"51":{"start":{"line":136,"column":26},"end":{"line":141,"column":5}},"52":{"start":{"line":143,"column":4},"end":{"line":143,"column":53}},"53":{"start":{"line":147,"column":0},"end":{"line":147,"column":45}}},"fnMap":{"0":{"name":"(anonymous_0)","decl":{"start":{"line":10,"column":2},"end":{"line":10,"column":3}},"loc":{"start":{"line":10,"column":23},"end":{"line":36,"column":3}},"line":10},"1":{"name":"(anonymous_1)","decl":{"start":{"line":38,"column":2},"end":{"line":38,"column":3}},"loc":{"start":{"line":38,"column":10},"end":{"line":118,"column":3}},"line":38},"2":{"name":"(anonymous_2)","decl":{"start":{"line":43,"column":17},"end":{"line":43,"column":18}},"loc":{"start":{"line":43,"column":31},"end":{"line":45,"column":5}},"line":43},"3":{"name":"(anonymous_3)","decl":{"start":{"line":91,"column":36},"end":{"line":91,"column":37}},"loc":{"start":{"line":91,"column":46},"end":{"line":93,"column":5}},"line":91},"4":{"name":"(anonymous_4)","decl":{"start":{"line":96,"column":36},"end":{"line":96,"column":37}},"loc":{"start":{"line":96,"column":46},"end":{"line":104,"column":5}},"line":96},"5":{"name":"(anonymous_5)","decl":{"start":{"line":107,"column":30},"end":{"line":107,"column":31}},"loc":{"start":{"line":107,"column":40},"end":{"line":117,"column":5}},"line":107},"6":{"name":"(anonymous_6)","decl":{"start":{"line":120,"column":2},"end":{"line":120,"column":3}},"loc":{"start":{"line":120,"column":9},"end":{"line":132,"column":3}},"line":120},"7":{"name":"(anonymous_7)","decl":{"start":{"line":121,"column":23},"end":{"line":121,"column":24}},"loc":{"start":{"line":121,"column":44},"end":{"line":131,"column":5}},"line":121},"8":{"name":"(anonymous_8)","decl":{"start":{"line":122,"column":41},"end":{"line":122,"column":42}},"loc":{"start":{"line":122,"column":50},"end":{"line":130,"column":7}},"line":122},"9":{"name":"(anonymous_9)","decl":{"start":{"line":134,"column":2},"end":{"line":134,"column":3}},"loc":{"start":{"line":134,"column":18},"end":{"line":144,"column":3}},"line":134}},"branchMap":{"0":{"loc":{"start":{"line":30,"column":4},"end":{"line":32,"column":5}},"type":"if","locations":[{"start":{"line":30,"column":4},"end":{"line":32,"column":5}},{"start":{"line":30,"column":4},"end":{"line":32,"column":5}}],"line":30},"1":{"loc":{"start":{"line":72,"column":4},"end":{"line":75,"column":5}},"type":"if","locations":[{"start":{"line":72,"column":4},"end":{"line":75,"column":5}},{"start":{"line":72,"column":4},"end":{"line":75,"column":5}}],"line":72},"2":{"loc":{"start":{"line":78,"column":4},"end":{"line":83,"column":5}},"type":"if","locations":[{"start":{"line":78,"column":4},"end":{"line":83,"column":5}},{"start":{"line":78,"column":4},"end":{"line":83,"column":5}}],"line":78},"3":{"loc":{"start":{"line":85,"column":4},"end":{"line":87,"column":5}},"type":"if","locations":[{"start":{"line":85,"column":4},"end":{"line":87,"column":5}},{"start":{"line":85,"column":4},"end":{"line":87,"column":5}}],"line":85},"4":{"loc":{"start":{"line":100,"column":6},"end":{"line":103,"column":7}},"type":"if","locations":[{"start":{"line":100,"column":6},"end":{"line":103,"column":7}},{"start":{"line":100,"column":6},"end":{"line":103,"column":7}}],"line":100},"5":{"loc":{"start":{"line":109,"column":6},"end":{"line":113,"column":7}},"type":"if","locations":[{"start":{"line":109,"column":6},"end":{"line":113,"column":7}},{"start":{"line":109,"column":6},"end":{"line":113,"column":7}}],"line":109},"6":{"loc":{"start":{"line":110,"column":8},"end":{"line":112,"column":9}},"type":"if","locations":[{"start":{"line":110,"column":8},"end":{"line":112,"column":9}},{"start":{"line":110,"column":8},"end":{"line":112,"column":9}}],"line":110},"7":{"loc":{"start":{"line":125,"column":8},"end":{"line":129,"column":9}},"type":"if","locations":[{"start":{"line":125,"column":8},"end":{"line":129,"column":9}},{"start":{"line":125,"column":8},"end":{"line":129,"column":9}}],"line":125}},"s":{"0":7,"1":7,"2":7,"3":7,"4":7,"5":7,"6":1,"7":6,"8":6,"9":5,"10":5,"11":5,"12":20,"13":5,"14":5,"15":5,"16":5,"17":5,"18":3,"19":3,"20":5,"21":1,"22":1,"23":1,"24":1,"25":5,"26":0,"27":5,"28":5,"29":0,"30":5,"31":5,"32":13,"33":13,"34":13,"35":13,"36":5,"37":5,"38":5,"39":4,"40":4,"41":0,"42":4,"43":4,"44":5,"45":5,"46":5,"47":5,"48":5,"49":0,"50":5,"51":5,"52":5,"53":1},"f":{"0":7,"1":5,"2":20,"3":0,"4":13,"5":4,"6":5,"7":5,"8":5,"9":5},"b":{"0":[1,6],"1":[3,2],"2":[1,4],"3":[0,5],"4":[5,8],"5":[4,0],"6":[0,4],"7":[0,5]},"_coverageSchema":"1a1c01bbd47fc00a2c39e90264f33305004495a9","hash":"67e116734c4b69d1d436c762b95e2aa9f3a85cc3"}
}
