TN:
SF:src/test-sshd.js
FN:10,(anonymous_0)
FN:38,(anonymous_1)
FN:43,(anonymous_2)
FN:91,(anonymous_3)
FN:96,(anonymous_4)
FN:107,(anonymous_5)
FN:120,(anonymous_6)
FN:121,(anonymous_7)
FN:122,(anonymous_8)
FN:134,(anonymous_9)
FNF:10
FNH:9
FNDA:7,(anonymous_0)
FNDA:5,(anonymous_1)
FNDA:20,(anonymous_2)
FNDA:0,(anonymous_3)
FNDA:13,(anonymous_4)
FNDA:4,(anonymous_5)
FNDA:5,(anonymous_6)
FNDA:5,(anonymous_7)
FNDA:5,(anonymous_8)
FNDA:5,(anonymous_9)
DA:11,7
DA:13,7
DA:15,7
DA:24,7
DA:29,7
DA:30,7
DA:31,1
DA:34,6
DA:35,6
DA:39,5
DA:40,5
DA:43,5
DA:44,20
DA:47,5
DA:48,5
DA:49,5
DA:51,5
DA:72,5
DA:73,3
DA:74,3
DA:78,5
DA:79,1
DA:80,1
DA:81,1
DA:82,1
DA:85,5
DA:86,0
DA:89,5
DA:91,5
DA:92,0
DA:95,5
DA:96,5
DA:97,13
DA:98,13
DA:99,13
DA:100,13
DA:101,5
DA:102,5
DA:107,5
DA:109,4
DA:110,4
DA:111,0
DA:115,4
DA:116,4
DA:121,5
DA:122,5
DA:123,5
DA:124,5
DA:125,5
DA:126,0
DA:128,5
DA:136,5
DA:143,5
DA:147,1
LF:54
LH:50
BRDA:30,0,0,1
BRDA:30,0,1,6
BRDA:72,1,0,3
BRDA:72,1,1,2
BRDA:78,2,0,1
BRDA:78,2,1,4
BRDA:85,3,0,0
BRDA:85,3,1,5
BRDA:100,4,0,5
BRDA:100,4,1,8
BRDA:109,5,0,4
BRDA:109,5,1,0
BRDA:110,6,0,0
BRDA:110,6,1,4
BRDA:125,7,0,0
BRDA:125,7,1,5
BRF:16
BRH:12
end_of_record
